Array
(
)

RAW: ------WebKitFormBoundaryZLO4YzBJZpPJ9kER
Content-Disposition: form-data; name="name"

uche emmanuel
------WebKitFormBoundaryZLO4YzBJZpPJ9kER
Content-Disposition: form-data; name="email"

cousinavi@gmail.com
------WebKitFormBoundaryZLO4YzBJZpPJ9kER
Content-Disposition: form-data; name="phone"

07037183183
------WebKitFormBoundaryZLO4YzBJZpPJ9kER
Content-Disposition: form-data; name="nin"

11221122112
------WebKitFormBoundaryZLO4YzBJZpPJ9kER
Content-Disposition: form-data; name="role"

driver
------WebKitFormBoundaryZLO4YzBJZpPJ9kER--

Array
(
)

RAW: ------WebKitFormBoundaryUJfjg1pZu1aq7Xjz
Content-Disposition: form-data; name="name"

uche emmanuel
------WebKitFormBoundaryUJfjg1pZu1aq7Xjz
Content-Disposition: form-data; name="email"

cousinavi@gmail.com
------WebKitFormBoundaryUJfjg1pZu1aq7Xjz
Content-Disposition: form-data; name="phone"

07037183183
------WebKitFormBoundaryUJfjg1pZu1aq7Xjz
Content-Disposition: form-data; name="nin"

11221122112
------WebKitFormBoundaryUJfjg1pZu1aq7Xjz
Content-Disposition: form-data; name="role"

driver
------WebKitFormBoundaryUJfjg1pZu1aq7Xjz--

Array
(
)

RAW: ------WebKitFormBoundaryum3JGjoL9xEO9AOp
Content-Disposition: form-data; name="name"

uche emmanuel
------WebKitFormBoundaryum3JGjoL9xEO9AOp
Content-Disposition: form-data; name="email"

cousinavi@gmail.com
------WebKitFormBoundaryum3JGjoL9xEO9AOp
Content-Disposition: form-data; name="phone"

07037183183
------WebKitFormBoundaryum3JGjoL9xEO9AOp
Content-Disposition: form-data; name="nin"

11221122112
------WebKitFormBoundaryum3JGjoL9xEO9AOp
Content-Disposition: form-data; name="role"

driver
------WebKitFormBoundaryum3JGjoL9xEO9AOp--

Array
(
)

RAW: ------WebKitFormBoundaryIOIILZOVsfsxRiLt
Content-Disposition: form-data; name="name"

uche emmanuel
------WebKitFormBoundaryIOIILZOVsfsxRiLt
Content-Disposition: form-data; name="email"

cousinavi@gmail.com
------WebKitFormBoundaryIOIILZOVsfsxRiLt
Content-Disposition: form-data; name="phone"

07037183183
------WebKitFormBoundaryIOIILZOVsfsxRiLt
Content-Disposition: form-data; name="nin"

11221122112
------WebKitFormBoundaryIOIILZOVsfsxRiLt
Content-Disposition: form-data; name="role"

driver
------WebKitFormBoundaryIOIILZOVsfsxRiLt--

Array
(
)

RAW: ------WebKitFormBoundarymJicqdX7LgaoYgys
Content-Disposition: form-data; name="name"

uche emmanuel
------WebKitFormBoundarymJicqdX7LgaoYgys
Content-Disposition: form-data; name="email"

cousinavi@gmail.com
------WebKitFormBoundarymJicqdX7LgaoYgys
Content-Disposition: form-data; name="phone"

07037183183
------WebKitFormBoundarymJicqdX7LgaoYgys
Content-Disposition: form-data; name="nin"

11221122112
------WebKitFormBoundarymJicqdX7LgaoYgys
Content-Disposition: form-data; name="role"

driver
------WebKitFormBoundarymJicqdX7LgaoYgys--

Array
(
)

RAW: ------WebKitFormBoundaryU0HBRkY6iXKWBljc
Content-Disposition: form-data; name="name"

uche emmanuel
------WebKitFormBoundaryU0HBRkY6iXKWBljc
Content-Disposition: form-data; name="email"

cousinavi@gmail.com
------WebKitFormBoundaryU0HBRkY6iXKWBljc
Content-Disposition: form-data; name="phone"

07037183183
------WebKitFormBoundaryU0HBRkY6iXKWBljc
Content-Disposition: form-data; name="nin"

11221122112
------WebKitFormBoundaryU0HBRkY6iXKWBljc
Content-Disposition: form-data; name="role"

driver
------WebKitFormBoundaryU0HBRkY6iXKWBljc--

Array
(
)

RAW: ------WebKitFormBoundaryRCWFThwws0yi4AXT
Content-Disposition: form-data; name="name"

uche emmanuel
------WebKitFormBoundaryRCWFThwws0yi4AXT
Content-Disposition: form-data; name="email"

cousinavi@gmail.com
------WebKitFormBoundaryRCWFThwws0yi4AXT
Content-Disposition: form-data; name="phone"

07037183183
------WebKitFormBoundaryRCWFThwws0yi4AXT
Content-Disposition: form-data; name="nin"

11221122112
------WebKitFormBoundaryRCWFThwws0yi4AXT
Content-Disposition: form-data; name="role"

driver
------WebKitFormBoundaryRCWFThwws0yi4AXT--

Array
(
)

RAW: ------WebKitFormBoundarynwmIBrnVtJD6rSOB
Content-Disposition: form-data; name="name"

uche emmanuel
------WebKitFormBoundarynwmIBrnVtJD6rSOB
Content-Disposition: form-data; name="email"

cousinavi@gmail.com
------WebKitFormBoundarynwmIBrnVtJD6rSOB
Content-Disposition: form-data; name="phone"

07037183183
------WebKitFormBoundarynwmIBrnVtJD6rSOB
Content-Disposition: form-data; name="nin"

11221122112
------WebKitFormBoundarynwmIBrnVtJD6rSOB
Content-Disposition: form-data; name="role"

driver
------WebKitFormBoundarynwmIBrnVtJD6rSOB--

Array
(
)

RAW: ------WebKitFormBoundaryrkSOJcQm1LVMxl4b
Content-Disposition: form-data; name="name"

uche emmanuel
------WebKitFormBoundaryrkSOJcQm1LVMxl4b
Content-Disposition: form-data; name="email"

cousinavi@gmail.com
------WebKitFormBoundaryrkSOJcQm1LVMxl4b
Content-Disposition: form-data; name="phone"

07037183183
------WebKitFormBoundaryrkSOJcQm1LVMxl4b
Content-Disposition: form-data; name="nin"

11221122112
------WebKitFormBoundaryrkSOJcQm1LVMxl4b
Content-Disposition: form-data; name="role"

driver
------WebKitFormBoundaryrkSOJcQm1LVMxl4b--

Array
(
)

RAW: ------WebKitFormBoundaryWTuabpxy5FCtSrun
Content-Disposition: form-data; name="name"

uche emmanuel
------WebKitFormBoundaryWTuabpxy5FCtSrun
Content-Disposition: form-data; name="email"

cousinavi@gmail.com
------WebKitFormBoundaryWTuabpxy5FCtSrun
Content-Disposition: form-data; name="phone"

07037183183
------WebKitFormBoundaryWTuabpxy5FCtSrun
Content-Disposition: form-data; name="nin"

11221122112
------WebKitFormBoundaryWTuabpxy5FCtSrun
Content-Disposition: form-data; name="role"

driver
------WebKitFormBoundaryWTuabpxy5FCtSrun--

Array
(
)

RAW: ------WebKitFormBoundaryvNv76l7iiQPVbAnR
Content-Disposition: form-data; name="name"

uche emmanuel
------WebKitFormBoundaryvNv76l7iiQPVbAnR
Content-Disposition: form-data; name="email"

cousinavi@gmail.com
------WebKitFormBoundaryvNv76l7iiQPVbAnR
Content-Disposition: form-data; name="phone"

07037183183
------WebKitFormBoundaryvNv76l7iiQPVbAnR
Content-Disposition: form-data; name="nin"

11221122112
------WebKitFormBoundaryvNv76l7iiQPVbAnR
Content-Disposition: form-data; name="role"

driver
------WebKitFormBoundaryvNv76l7iiQPVbAnR--

Array
(
)

RAW: ------WebKitFormBoundaryDdCANJ9M9cXBMPCr
Content-Disposition: form-data; name="name"

uche emmanuel
------WebKitFormBoundaryDdCANJ9M9cXBMPCr
Content-Disposition: form-data; name="email"

cousinavi@gmail.com
------WebKitFormBoundaryDdCANJ9M9cXBMPCr
Content-Disposition: form-data; name="phone"

07037183183
------WebKitFormBoundaryDdCANJ9M9cXBMPCr
Content-Disposition: form-data; name="nin"

11221122112
------WebKitFormBoundaryDdCANJ9M9cXBMPCr
Content-Disposition: form-data; name="role"

driver
------WebKitFormBoundaryDdCANJ9M9cXBMPCr--

Array
(
)

RAW: ------WebKitFormBoundary1dkdYbwReWc0XZ0J
Content-Disposition: form-data; name="name"

uche emmanuel
------WebKitFormBoundary1dkdYbwReWc0XZ0J
Content-Disposition: form-data; name="email"

cousinavi@gmail.com
------WebKitFormBoundary1dkdYbwReWc0XZ0J
Content-Disposition: form-data; name="phone"

07037183183
------WebKitFormBoundary1dkdYbwReWc0XZ0J
Content-Disposition: form-data; name="nin"

11221122112
------WebKitFormBoundary1dkdYbwReWc0XZ0J
Content-Disposition: form-data; name="role"

driver
------WebKitFormBoundary1dkdYbwReWc0XZ0J--

Array
(
)

RAW: ------WebKitFormBoundary8aHcHzqxiq8FJpYo
Content-Disposition: form-data; name="name"

uche emmanuel
------WebKitFormBoundary8aHcHzqxiq8FJpYo
Content-Disposition: form-data; name="email"

cousinavi@gmail.com
------WebKitFormBoundary8aHcHzqxiq8FJpYo
Content-Disposition: form-data; name="phone"

07037183183
------WebKitFormBoundary8aHcHzqxiq8FJpYo
Content-Disposition: form-data; name="nin"

11221122112
------WebKitFormBoundary8aHcHzqxiq8FJpYo
Content-Disposition: form-data; name="role"

driver
------WebKitFormBoundary8aHcHzqxiq8FJpYo--

Array
(
)

RAW: ------WebKitFormBoundaryIo5filCQA36Uj0J8
Content-Disposition: form-data; name="name"

uche emmanuel
------WebKitFormBoundaryIo5filCQA36Uj0J8
Content-Disposition: form-data; name="email"

cousinavi@gmail.com
------WebKitFormBoundaryIo5filCQA36Uj0J8
Content-Disposition: form-data; name="phone"

07037183183
------WebKitFormBoundaryIo5filCQA36Uj0J8
Content-Disposition: form-data; name="nin"

11221122112
------WebKitFormBoundaryIo5filCQA36Uj0J8
Content-Disposition: form-data; name="role"

driver
------WebKitFormBoundaryIo5filCQA36Uj0J8--

Array
(
)

RAW: name=uche+emmanuel&email=cousinavi%40gmail.com&phone=07037183183&nin=11221122112&role=driver
Array
(
)

RAW: name=uche+emmanuel&email=cousinavi%40gmail.com&phone=07037183183&nin=11221122112&role=driver
